{
  "stats": {
    "suites": 1,
    "tests": 5,
    "passes": 0,
    "pending": 0,
    "failures": 5,
    "start": "2024-11-19T09:06:22.195Z",
    "end": "2024-11-19T09:06:32.834Z",
    "duration": 10639,
    "testsRegistered": 5,
    "passPercent": 0,
    "pendingPercent": 0,
    "other": 0,
    "hasOther": false,
    "skipped": 0,
    "hasSkipped": false
  },
  "results": [
    {
      "uuid": "76c50155-04b3-46c9-a15a-c8c59b67d591",
      "title": "",
      "fullFile": "C:\\Users\\talla\\OneDrive\\Desktop\\Laxmi\\MEng\\ENSF608\\hire-wire-test-script\\test\\generate_resume_coverletter_test.js",
      "file": "\\test\\generate_resume_coverletter_test.js",
      "beforeHooks": [],
      "afterHooks": [],
      "tests": [],
      "suites": [
        {
          "uuid": "0b3a04ec-ddc4-4bb6-832c-b70440adce48",
          "title": "Generate Resume and Cover Letter Functionality Test",
          "fullFile": "C:\\Users\\talla\\OneDrive\\Desktop\\Laxmi\\MEng\\ENSF608\\hire-wire-test-script\\test\\generate_resume_coverletter_test.js",
          "file": "\\test\\generate_resume_coverletter_test.js",
          "beforeHooks": [
            {
              "title": "\"before all\" hook in \"Generate Resume and Cover Letter Functionality Test\"",
              "fullTitle": "Generate Resume and Cover Letter Functionality Test \"before all\" hook in \"Generate Resume and Cover Letter Functionality Test\"",
              "timedOut": false,
              "duration": 912,
              "state": null,
              "speed": null,
              "pass": false,
              "fail": false,
              "pending": false,
              "context": null,
              "code": "try {\n    driver = await new Builder().forBrowser('chrome').build();\n} catch (error) {\n    console.error('Error initializing the WebDriver:', error);\n}",
              "err": {},
              "uuid": "808fe44b-998d-4227-b390-b826481ddbc3",
              "parentUUID": "0b3a04ec-ddc4-4bb6-832c-b70440adce48",
              "isHook": true,
              "skipped": false
            }
          ],
          "afterHooks": [
            {
              "title": "\"after all\" hook in \"Generate Resume and Cover Letter Functionality Test\"",
              "fullTitle": "Generate Resume and Cover Letter Functionality Test \"after all\" hook in \"Generate Resume and Cover Letter Functionality Test\"",
              "timedOut": false,
              "duration": 39,
              "state": null,
              "speed": null,
              "pass": false,
              "fail": false,
              "pending": false,
              "context": null,
              "code": "try {\n    await driver.quit();\n} catch (error) {\n    console.error('Error quitting the WebDriver:', error);\n}",
              "err": {},
              "uuid": "b100d35c-dad3-4294-8875-73e9afe1941f",
              "parentUUID": "0b3a04ec-ddc4-4bb6-832c-b70440adce48",
              "isHook": true,
              "skipped": false
            }
          ],
          "tests": [
            {
              "title": "Use case 1: ",
              "fullTitle": "Generate Resume and Cover Letter Functionality Test Use case 1: ",
              "timedOut": false,
              "duration": 2564,
              "state": "failed",
              "speed": null,
              "pass": false,
              "fail": true,
              "pending": false,
              "context": null,
              "code": "// Step 1: Ensure the user is logged out if already logged in\nawait logoutIfLoggedIn();\n// Step 2: Navigate to the login page and log in with the current user's credentials\nawait navigateToLoginPage();\nconst loginbtn = await driver.findElement(By.className('login-button'));\nawait loginbtn.click();\nawait driver.findElement(By.css('input[placeholder=\"Email\"]')).sendKeys(user.emailAddress);\nawait driver.findElement(By.css('input[placeholder=\"Password\"]')).sendKeys(user.password);\nconst logbtn = await driver.findElement(By.css('button[type=\"submit\"]'));\nawait logbtn.click();\nawait driver.sleep(1000);\n// Step 3: Verify the user is redirected to the dashboard page after login\nconst currentUrl = await driver.getCurrentUrl();\nassert.strictEqual(currentUrl, APPLICATION_URL, `User cannot login with these credentials to generate cover letter and resume.`);\n// Step 4: Navigate to the job application page\nawait navigateToApplicationPage();\n// Step 5: Fill out the job application form with the user's job-related data\nawait driver.findElement(By.xpath('//input[@placeholder=\"Job title (required)\"]')).sendKeys(user.jobTitle);\nawait driver.findElement(By.xpath('//input[@placeholder=\"Company (required)\"]')).sendKeys(user.company);\nawait driver.findElement(By.xpath('//textarea[@placeholder=\"Job description / information... (required)\"]')).sendKeys(user.description);\nawait driver.findElement(By.xpath('//textarea[@placeholder=\"Additional Information\"]')).sendKeys(user.additionalInformation);\n\n// Step 6: Click the \"Generate\" button to create the resume\nconst generateButton = await driver.findElement(By.xpath('//button[contains(@class, \"generate-button\")]'));\nawait generateButton.click();\n// Step 7: Verify that the generated resume content appears on the page\nconst generatedContent = await driver.wait(\n    until.elementLocated(By.css('.generated-content')), 5000\n);\nawait driver.sleep(6000);\nconst generatedText = await generatedContent.getText();\nassert.ok(\n    generatedText.includes('Generated Resume'),\n    'The generated resume should appear on the page'\n);",
              "err": {
                "message": "NoSuchElementError: no such element: Unable to locate element: {\"method\":\"xpath\",\"selector\":\"//textarea[@placeholder=\"Additional Information\"]\"}\n  (Session info: chrome=131.0.6778.70)",
                "estack": "NoSuchElementError: no such element: Unable to locate element: {\"method\":\"xpath\",\"selector\":\"//textarea[@placeholder=\"Additional Information\"]\"}\n  (Session info: chrome=131.0.6778.70)\n    at Object.throwDecodedError (node_modules\\selenium-webdriver\\lib\\error.js:521:15)\n    at parseHttpResponse (node_modules\\selenium-webdriver\\lib\\http.js:514:13)\n    at Executor.execute (node_modules\\selenium-webdriver\\lib\\http.js:446:28)\n    at process.processTicksAndRejections (node:internal/process/task_queues:105:5)\n    at async Driver.execute (node_modules\\selenium-webdriver\\lib\\webdriver.js:744:17)\n    at async toWireValue (node_modules\\selenium-webdriver\\lib\\webdriver.js:148:15)\n    at async C:\\Users\\talla\\OneDrive\\Desktop\\Laxmi\\MEng\\ENSF608\\hire-wire-test-script\\node_modules\\selenium-webdriver\\lib\\webdriver.js:194:16\n    at async forEachKey (node_modules\\selenium-webdriver\\lib\\webdriver.js:188:9)\n    at async convertKeys (node_modules\\selenium-webdriver\\lib\\webdriver.js:193:3)\n    at async Driver.execute (node_modules\\selenium-webdriver\\lib\\webdriver.js:742:22)\n    at async Context.<anonymous> (test\\generate_resume_coverletter_test.js:133:13)",
                "diff": null
              },
              "uuid": "7a5caefa-a3eb-46b1-bbfa-5e505ae393ea",
              "parentUUID": "0b3a04ec-ddc4-4bb6-832c-b70440adce48",
              "isHook": false,
              "skipped": false
            },
            {
              "title": "Use case 2: ",
              "fullTitle": "Generate Resume and Cover Letter Functionality Test Use case 2: ",
              "timedOut": false,
              "duration": 1936,
              "state": "failed",
              "speed": null,
              "pass": false,
              "fail": true,
              "pending": false,
              "context": null,
              "code": "// Step 1: Ensure the user is logged out if already logged in\nawait logoutIfLoggedIn();\n// Step 2: Navigate to the login page and log in with the current user's credentials\nawait navigateToLoginPage();\nconst loginbtn = await driver.findElement(By.className('login-button'));\nawait loginbtn.click();\nawait driver.findElement(By.css('input[placeholder=\"Email\"]')).sendKeys(user.emailAddress);\nawait driver.findElement(By.css('input[placeholder=\"Password\"]')).sendKeys(user.password);\nconst logbtn = await driver.findElement(By.css('button[type=\"submit\"]'));\nawait logbtn.click();\nawait driver.sleep(1000);\n// Step 3: Verify the user is redirected to the dashboard page after login\nconst currentUrl = await driver.getCurrentUrl();\nassert.strictEqual(currentUrl, APPLICATION_URL, `User cannot login with these credentials to generate cover letter and resume.`);\n// Step 4: Navigate to the job application page\nawait navigateToApplicationPage();\n// Step 5: Fill out the job application form with the user's job-related data\nawait driver.findElement(By.xpath('//input[@placeholder=\"Job title (required)\"]')).sendKeys(user.jobTitle);\nawait driver.findElement(By.xpath('//input[@placeholder=\"Company (required)\"]')).sendKeys(user.company);\nawait driver.findElement(By.xpath('//textarea[@placeholder=\"Job description / information... (required)\"]')).sendKeys(user.description);\nawait driver.findElement(By.xpath('//textarea[@placeholder=\"Additional Information\"]')).sendKeys(user.additionalInformation);\n\n// Step 6: Click the \"Generate\" button to create the resume\nconst generateButton = await driver.findElement(By.xpath('//button[contains(@class, \"generate-button\")]'));\nawait generateButton.click();\n// Step 7: Verify that the generated resume content appears on the page\nconst generatedContent = await driver.wait(\n    until.elementLocated(By.css('.generated-content')), 5000\n);\nawait driver.sleep(6000);\nconst generatedText = await generatedContent.getText();\nassert.ok(\n    generatedText.includes('Generated Resume'),\n    'The generated resume should appear on the page'\n);",
              "err": {
                "message": "NoSuchElementError: no such element: Unable to locate element: {\"method\":\"xpath\",\"selector\":\"//textarea[@placeholder=\"Additional Information\"]\"}\n  (Session info: chrome=131.0.6778.70)",
                "estack": "NoSuchElementError: no such element: Unable to locate element: {\"method\":\"xpath\",\"selector\":\"//textarea[@placeholder=\"Additional Information\"]\"}\n  (Session info: chrome=131.0.6778.70)\n    at Object.throwDecodedError (node_modules\\selenium-webdriver\\lib\\error.js:521:15)\n    at parseHttpResponse (node_modules\\selenium-webdriver\\lib\\http.js:514:13)\n    at Executor.execute (node_modules\\selenium-webdriver\\lib\\http.js:446:28)\n    at process.processTicksAndRejections (node:internal/process/task_queues:105:5)\n    at async Driver.execute (node_modules\\selenium-webdriver\\lib\\webdriver.js:744:17)\n    at async toWireValue (node_modules\\selenium-webdriver\\lib\\webdriver.js:148:15)\n    at async C:\\Users\\talla\\OneDrive\\Desktop\\Laxmi\\MEng\\ENSF608\\hire-wire-test-script\\node_modules\\selenium-webdriver\\lib\\webdriver.js:194:16\n    at async forEachKey (node_modules\\selenium-webdriver\\lib\\webdriver.js:188:9)\n    at async convertKeys (node_modules\\selenium-webdriver\\lib\\webdriver.js:193:3)\n    at async Driver.execute (node_modules\\selenium-webdriver\\lib\\webdriver.js:742:22)\n    at async Context.<anonymous> (test\\generate_resume_coverletter_test.js:133:13)",
                "diff": null
              },
              "uuid": "942f27cf-f8a2-49ef-aff4-b9b84c385e2a",
              "parentUUID": "0b3a04ec-ddc4-4bb6-832c-b70440adce48",
              "isHook": false,
              "skipped": false
            },
            {
              "title": "Use case 3: ",
              "fullTitle": "Generate Resume and Cover Letter Functionality Test Use case 3: ",
              "timedOut": false,
              "duration": 1787,
              "state": "failed",
              "speed": null,
              "pass": false,
              "fail": true,
              "pending": false,
              "context": null,
              "code": "// Step 1: Ensure the user is logged out if already logged in\nawait logoutIfLoggedIn();\n// Step 2: Navigate to the login page and log in with the current user's credentials\nawait navigateToLoginPage();\nconst loginbtn = await driver.findElement(By.className('login-button'));\nawait loginbtn.click();\nawait driver.findElement(By.css('input[placeholder=\"Email\"]')).sendKeys(user.emailAddress);\nawait driver.findElement(By.css('input[placeholder=\"Password\"]')).sendKeys(user.password);\nconst logbtn = await driver.findElement(By.css('button[type=\"submit\"]'));\nawait logbtn.click();\nawait driver.sleep(1000);\n// Step 3: Verify the user is redirected to the dashboard page after login\nconst currentUrl = await driver.getCurrentUrl();\nassert.strictEqual(currentUrl, APPLICATION_URL, `User cannot login with these credentials to generate cover letter and resume.`);\n// Step 4: Navigate to the job application page\nawait navigateToApplicationPage();\n// Step 5: Fill out the job application form with the user's job-related data\nawait driver.findElement(By.xpath('//input[@placeholder=\"Job title (required)\"]')).sendKeys(user.jobTitle);\nawait driver.findElement(By.xpath('//input[@placeholder=\"Company (required)\"]')).sendKeys(user.company);\nawait driver.findElement(By.xpath('//textarea[@placeholder=\"Job description / information... (required)\"]')).sendKeys(user.description);\nawait driver.findElement(By.xpath('//textarea[@placeholder=\"Additional Information\"]')).sendKeys(user.additionalInformation);\n\n// Step 6: Click the \"Generate\" button to create the resume\nconst generateButton = await driver.findElement(By.xpath('//button[contains(@class, \"generate-button\")]'));\nawait generateButton.click();\n// Step 7: Verify that the generated resume content appears on the page\nconst generatedContent = await driver.wait(\n    until.elementLocated(By.css('.generated-content')), 5000\n);\nawait driver.sleep(6000);\nconst generatedText = await generatedContent.getText();\nassert.ok(\n    generatedText.includes('Generated Resume'),\n    'The generated resume should appear on the page'\n);",
              "err": {
                "message": "NoSuchElementError: no such element: Unable to locate element: {\"method\":\"xpath\",\"selector\":\"//textarea[@placeholder=\"Additional Information\"]\"}\n  (Session info: chrome=131.0.6778.70)",
                "estack": "NoSuchElementError: no such element: Unable to locate element: {\"method\":\"xpath\",\"selector\":\"//textarea[@placeholder=\"Additional Information\"]\"}\n  (Session info: chrome=131.0.6778.70)\n    at Object.throwDecodedError (node_modules\\selenium-webdriver\\lib\\error.js:521:15)\n    at parseHttpResponse (node_modules\\selenium-webdriver\\lib\\http.js:514:13)\n    at Executor.execute (node_modules\\selenium-webdriver\\lib\\http.js:446:28)\n    at process.processTicksAndRejections (node:internal/process/task_queues:105:5)\n    at async Driver.execute (node_modules\\selenium-webdriver\\lib\\webdriver.js:744:17)\n    at async toWireValue (node_modules\\selenium-webdriver\\lib\\webdriver.js:148:15)\n    at async C:\\Users\\talla\\OneDrive\\Desktop\\Laxmi\\MEng\\ENSF608\\hire-wire-test-script\\node_modules\\selenium-webdriver\\lib\\webdriver.js:194:16\n    at async forEachKey (node_modules\\selenium-webdriver\\lib\\webdriver.js:188:9)\n    at async convertKeys (node_modules\\selenium-webdriver\\lib\\webdriver.js:193:3)\n    at async Driver.execute (node_modules\\selenium-webdriver\\lib\\webdriver.js:742:22)\n    at async Context.<anonymous> (test\\generate_resume_coverletter_test.js:133:13)",
                "diff": null
              },
              "uuid": "489d12d4-d6a4-4404-8a75-a1ef4fe9b2a1",
              "parentUUID": "0b3a04ec-ddc4-4bb6-832c-b70440adce48",
              "isHook": false,
              "skipped": false
            },
            {
              "title": "Use case 4: ",
              "fullTitle": "Generate Resume and Cover Letter Functionality Test Use case 4: ",
              "timedOut": false,
              "duration": 1688,
              "state": "failed",
              "speed": null,
              "pass": false,
              "fail": true,
              "pending": false,
              "context": null,
              "code": "// Step 1: Ensure the user is logged out if already logged in\nawait logoutIfLoggedIn();\n// Step 2: Navigate to the login page and log in with the current user's credentials\nawait navigateToLoginPage();\nconst loginbtn = await driver.findElement(By.className('login-button'));\nawait loginbtn.click();\nawait driver.findElement(By.css('input[placeholder=\"Email\"]')).sendKeys(user.emailAddress);\nawait driver.findElement(By.css('input[placeholder=\"Password\"]')).sendKeys(user.password);\nconst logbtn = await driver.findElement(By.css('button[type=\"submit\"]'));\nawait logbtn.click();\nawait driver.sleep(1000);\n// Step 3: Verify the user is redirected to the dashboard page after login\nconst currentUrl = await driver.getCurrentUrl();\nassert.strictEqual(currentUrl, APPLICATION_URL, `User cannot login with these credentials to generate cover letter and resume.`);\n// Step 4: Navigate to the job application page\nawait navigateToApplicationPage();\n// Step 5: Fill out the job application form with the user's job-related data\nawait driver.findElement(By.xpath('//input[@placeholder=\"Job title (required)\"]')).sendKeys(user.jobTitle);\nawait driver.findElement(By.xpath('//input[@placeholder=\"Company (required)\"]')).sendKeys(user.company);\nawait driver.findElement(By.xpath('//textarea[@placeholder=\"Job description / information... (required)\"]')).sendKeys(user.description);\nawait driver.findElement(By.xpath('//textarea[@placeholder=\"Additional Information\"]')).sendKeys(user.additionalInformation);\n\n// Step 6: Click the \"Generate\" button to create the resume\nconst generateButton = await driver.findElement(By.xpath('//button[contains(@class, \"generate-button\")]'));\nawait generateButton.click();\n// Step 7: Verify that the generated resume content appears on the page\nconst generatedContent = await driver.wait(\n    until.elementLocated(By.css('.generated-content')), 5000\n);\nawait driver.sleep(6000);\nconst generatedText = await generatedContent.getText();\nassert.ok(\n    generatedText.includes('Generated Resume'),\n    'The generated resume should appear on the page'\n);",
              "err": {
                "message": "NoSuchElementError: no such element: Unable to locate element: {\"method\":\"xpath\",\"selector\":\"//textarea[@placeholder=\"Additional Information\"]\"}\n  (Session info: chrome=131.0.6778.70)",
                "estack": "NoSuchElementError: no such element: Unable to locate element: {\"method\":\"xpath\",\"selector\":\"//textarea[@placeholder=\"Additional Information\"]\"}\n  (Session info: chrome=131.0.6778.70)\n    at Object.throwDecodedError (node_modules\\selenium-webdriver\\lib\\error.js:521:15)\n    at parseHttpResponse (node_modules\\selenium-webdriver\\lib\\http.js:514:13)\n    at Executor.execute (node_modules\\selenium-webdriver\\lib\\http.js:446:28)\n    at process.processTicksAndRejections (node:internal/process/task_queues:105:5)\n    at async Driver.execute (node_modules\\selenium-webdriver\\lib\\webdriver.js:744:17)\n    at async toWireValue (node_modules\\selenium-webdriver\\lib\\webdriver.js:148:15)\n    at async C:\\Users\\talla\\OneDrive\\Desktop\\Laxmi\\MEng\\ENSF608\\hire-wire-test-script\\node_modules\\selenium-webdriver\\lib\\webdriver.js:194:16\n    at async forEachKey (node_modules\\selenium-webdriver\\lib\\webdriver.js:188:9)\n    at async convertKeys (node_modules\\selenium-webdriver\\lib\\webdriver.js:193:3)\n    at async Driver.execute (node_modules\\selenium-webdriver\\lib\\webdriver.js:742:22)\n    at async Context.<anonymous> (test\\generate_resume_coverletter_test.js:133:13)",
                "diff": null
              },
              "uuid": "cfa04eae-8a4d-4e96-af68-b9c90e6abc69",
              "parentUUID": "0b3a04ec-ddc4-4bb6-832c-b70440adce48",
              "isHook": false,
              "skipped": false
            },
            {
              "title": "Use case 5: ",
              "fullTitle": "Generate Resume and Cover Letter Functionality Test Use case 5: ",
              "timedOut": false,
              "duration": 1703,
              "state": "failed",
              "speed": null,
              "pass": false,
              "fail": true,
              "pending": false,
              "context": null,
              "code": "// Step 1: Ensure the user is logged out if already logged in\nawait logoutIfLoggedIn();\n// Step 2: Navigate to the login page and log in with the current user's credentials\nawait navigateToLoginPage();\nconst loginbtn = await driver.findElement(By.className('login-button'));\nawait loginbtn.click();\nawait driver.findElement(By.css('input[placeholder=\"Email\"]')).sendKeys(user.emailAddress);\nawait driver.findElement(By.css('input[placeholder=\"Password\"]')).sendKeys(user.password);\nconst logbtn = await driver.findElement(By.css('button[type=\"submit\"]'));\nawait logbtn.click();\nawait driver.sleep(1000);\n// Step 3: Verify the user is redirected to the dashboard page after login\nconst currentUrl = await driver.getCurrentUrl();\nassert.strictEqual(currentUrl, APPLICATION_URL, `User cannot login with these credentials to generate cover letter and resume.`);\n// Step 4: Navigate to the job application page\nawait navigateToApplicationPage();\n// Step 5: Fill out the job application form with the user's job-related data\nawait driver.findElement(By.xpath('//input[@placeholder=\"Job title (required)\"]')).sendKeys(user.jobTitle);\nawait driver.findElement(By.xpath('//input[@placeholder=\"Company (required)\"]')).sendKeys(user.company);\nawait driver.findElement(By.xpath('//textarea[@placeholder=\"Job description / information... (required)\"]')).sendKeys(user.description);\nawait driver.findElement(By.xpath('//textarea[@placeholder=\"Additional Information\"]')).sendKeys(user.additionalInformation);\n\n// Step 6: Click the \"Generate\" button to create the resume\nconst generateButton = await driver.findElement(By.xpath('//button[contains(@class, \"generate-button\")]'));\nawait generateButton.click();\n// Step 7: Verify that the generated resume content appears on the page\nconst generatedContent = await driver.wait(\n    until.elementLocated(By.css('.generated-content')), 5000\n);\nawait driver.sleep(6000);\nconst generatedText = await generatedContent.getText();\nassert.ok(\n    generatedText.includes('Generated Resume'),\n    'The generated resume should appear on the page'\n);",
              "err": {
                "message": "NoSuchElementError: no such element: Unable to locate element: {\"method\":\"xpath\",\"selector\":\"//textarea[@placeholder=\"Additional Information\"]\"}\n  (Session info: chrome=131.0.6778.70)",
                "estack": "NoSuchElementError: no such element: Unable to locate element: {\"method\":\"xpath\",\"selector\":\"//textarea[@placeholder=\"Additional Information\"]\"}\n  (Session info: chrome=131.0.6778.70)\n    at Object.throwDecodedError (node_modules\\selenium-webdriver\\lib\\error.js:521:15)\n    at parseHttpResponse (node_modules\\selenium-webdriver\\lib\\http.js:514:13)\n    at Executor.execute (node_modules\\selenium-webdriver\\lib\\http.js:446:28)\n    at process.processTicksAndRejections (node:internal/process/task_queues:105:5)\n    at async Driver.execute (node_modules\\selenium-webdriver\\lib\\webdriver.js:744:17)\n    at async toWireValue (node_modules\\selenium-webdriver\\lib\\webdriver.js:148:15)\n    at async C:\\Users\\talla\\OneDrive\\Desktop\\Laxmi\\MEng\\ENSF608\\hire-wire-test-script\\node_modules\\selenium-webdriver\\lib\\webdriver.js:194:16\n    at async forEachKey (node_modules\\selenium-webdriver\\lib\\webdriver.js:188:9)\n    at async convertKeys (node_modules\\selenium-webdriver\\lib\\webdriver.js:193:3)\n    at async Driver.execute (node_modules\\selenium-webdriver\\lib\\webdriver.js:742:22)\n    at async Context.<anonymous> (test\\generate_resume_coverletter_test.js:133:13)",
                "diff": null
              },
              "uuid": "d7f34d0b-d110-4231-b25e-2e85da5c36ca",
              "parentUUID": "0b3a04ec-ddc4-4bb6-832c-b70440adce48",
              "isHook": false,
              "skipped": false
            }
          ],
          "suites": [],
          "passes": [],
          "failures": [
            "7a5caefa-a3eb-46b1-bbfa-5e505ae393ea",
            "942f27cf-f8a2-49ef-aff4-b9b84c385e2a",
            "489d12d4-d6a4-4404-8a75-a1ef4fe9b2a1",
            "cfa04eae-8a4d-4e96-af68-b9c90e6abc69",
            "d7f34d0b-d110-4231-b25e-2e85da5c36ca"
          ],
          "pending": [],
          "skipped": [],
          "duration": 9678,
          "root": false,
          "rootEmpty": false,
          "_timeout": 30000
        }
      ],
      "passes": [],
      "failures": [],
      "pending": [],
      "skipped": [],
      "duration": 0,
      "root": true,
      "rootEmpty": true,
      "_timeout": 2000
    }
  ],
  "meta": {
    "mocha": {
      "version": "10.8.2"
    },
    "mochawesome": {
      "options": {
        "quiet": false,
        "reportFilename": "mochawesome",
        "saveHtml": true,
        "saveJson": true,
        "consoleReporter": "spec",
        "useInlineDiffs": false,
        "code": true
      },
      "version": "7.1.3"
    },
    "marge": {
      "options": null,
      "version": "6.2.0"
    }
  }
}