{
  "stats": {
    "suites": 1,
    "tests": 5,
    "passes": 5,
    "pending": 0,
    "failures": 0,
    "start": "2024-11-20T09:36:37.342Z",
    "end": "2024-11-20T09:37:44.761Z",
    "duration": 67419,
    "testsRegistered": 5,
    "passPercent": 100,
    "pendingPercent": 0,
    "other": 0,
    "hasOther": false,
    "skipped": 0,
    "hasSkipped": false
  },
  "results": [
    {
      "uuid": "b90ea74f-c406-42df-a21e-74d39906d8b2",
      "title": "",
      "fullFile": "C:\\Users\\talla\\OneDrive\\Desktop\\Laxmi\\MEng\\ENSF608\\hire-wire-test-script\\test\\generate_resume_coverletter_test.js",
      "file": "\\generate_resume_coverletter_test.js",
      "beforeHooks": [],
      "afterHooks": [],
      "tests": [],
      "suites": [
        {
          "uuid": "8fcb064a-cc16-4b9b-8957-877c91805086",
          "title": "Generate Resume and Cover Letter Functionality Test",
          "fullFile": "C:\\Users\\talla\\OneDrive\\Desktop\\Laxmi\\MEng\\ENSF608\\hire-wire-test-script\\test\\generate_resume_coverletter_test.js",
          "file": "\\generate_resume_coverletter_test.js",
          "beforeHooks": [
            {
              "title": "\"before all\" hook in \"Generate Resume and Cover Letter Functionality Test\"",
              "fullTitle": "Generate Resume and Cover Letter Functionality Test \"before all\" hook in \"Generate Resume and Cover Letter Functionality Test\"",
              "timedOut": false,
              "duration": 1834,
              "state": null,
              "speed": null,
              "pass": false,
              "fail": false,
              "pending": false,
              "context": null,
              "code": "try {\n    driver = await new Builder().forBrowser('chrome').build();\n} catch (error) {\n    console.error('Error initializing the WebDriver:', error);\n}",
              "err": {},
              "uuid": "d2e89855-9739-40a3-8ea9-15c89edd08d9",
              "parentUUID": "8fcb064a-cc16-4b9b-8957-877c91805086",
              "isHook": true,
              "skipped": false
            }
          ],
          "afterHooks": [
            {
              "title": "\"after all\" hook in \"Generate Resume and Cover Letter Functionality Test\"",
              "fullTitle": "Generate Resume and Cover Letter Functionality Test \"after all\" hook in \"Generate Resume and Cover Letter Functionality Test\"",
              "timedOut": false,
              "duration": 40,
              "state": null,
              "speed": null,
              "pass": false,
              "fail": false,
              "pending": false,
              "context": null,
              "code": "try {\n    await driver.quit();\n} catch (error) {\n    console.error('Error quitting the WebDriver:', error);\n}",
              "err": {},
              "uuid": "faab97a7-7244-4840-a50e-0e220bfd6d0f",
              "parentUUID": "8fcb064a-cc16-4b9b-8957-877c91805086",
              "isHook": true,
              "skipped": false
            }
          ],
          "tests": [
            {
              "title": "Use case 1: ",
              "fullTitle": "Generate Resume and Cover Letter Functionality Test Use case 1: ",
              "timedOut": false,
              "duration": 10037,
              "state": "passed",
              "speed": "slow",
              "pass": true,
              "fail": false,
              "pending": false,
              "context": null,
              "code": "// Step 1: Ensure the user is logged out if already logged in\nawait logoutIfLoggedIn();\n// Step 2: Navigate to the login page and log in with the current user's credentials\nawait navigateToLoginPage();\nconst emailInput = await driver.wait(\n    until.elementLocated(By.xpath('//input[@placeholder=\"Email\"]')),\n    5000\n);\nawait driver.wait(until.elementIsVisible(emailInput), 5000);\nawait emailInput.sendKeys(user.emailAddress);\n        \n// Wait for the password field to appear and send password\nconst passwordInput = await driver.wait(\n    until.elementLocated(By.xpath('//input[@placeholder=\"Password\"]')),\n    5000\n);\nawait driver.wait(until.elementIsVisible(passwordInput), 5000);\nawait passwordInput.sendKeys(user.password);\n//Submit the login form\nconst submitButton = await driver.findElement(By.xpath('//button[@type=\"submit\"]'));\nawait submitButton.click();    \n// Step 3: Verify the user is redirected to the dashboard page after login\nawait driver.sleep(1000);\nconst currentUrl = await driver.getCurrentUrl();\nassert.strictEqual(currentUrl, APPLICATION_URL, `User cannot login with these credentials to generate cover letter and resume.`);\n// Step 4: Navigate to the job application page\nawait navigateToApplicationPage();\n// Step 5: Fill out the job application form with the user's job-related data\nawait driver.findElement(By.xpath('//input[@placeholder=\"Job title (required)\"]')).sendKeys(user.jobTitle);\nawait driver.findElement(By.xpath('//input[@placeholder=\"Company (required)\"]')).sendKeys(user.company);\nawait driver.findElement(By.xpath('//textarea[@placeholder=\"Job description / information... (required)\"]')).sendKeys(user.description);\nawait driver.findElement(By.xpath('//textarea[@placeholder=\"Write additional information about yourself (Optional). This prompt will help us tailor your application to your needs.\"]')).sendKeys(user.additionalInformation);\n\n// Step 6: Click the \"Generate\" button to create the resume\nconst generateButton = await driver.findElement(By.xpath('//button[contains(@class, \"generate-button\")]'));\nawait generateButton.click();\n// Step 7: Verify that the generated resume content appears on the page\nconst generatedContent = await driver.wait(\n    until.elementLocated(By.css('.generated-content')), 5000\n);\nawait driver.sleep(6000);\nconst generatedText = await generatedContent.getText();\nconst len = generatedText.length;\nif(generatedText.length == 0){\nassert.notStrictEqual(generatedText, len, \"Failed to generate content\"\n);\n        }",
              "err": {},
              "uuid": "78b6e778-3905-4d3c-8979-a724ab819523",
              "parentUUID": "8fcb064a-cc16-4b9b-8957-877c91805086",
              "isHook": false,
              "skipped": false
            },
            {
              "title": "Use case 2: ",
              "fullTitle": "Generate Resume and Cover Letter Functionality Test Use case 2: ",
              "timedOut": false,
              "duration": 13877,
              "state": "passed",
              "speed": "slow",
              "pass": true,
              "fail": false,
              "pending": false,
              "context": null,
              "code": "// Step 1: Ensure the user is logged out if already logged in\nawait logoutIfLoggedIn();\n// Step 2: Navigate to the login page and log in with the current user's credentials\nawait navigateToLoginPage();\nconst emailInput = await driver.wait(\n    until.elementLocated(By.xpath('//input[@placeholder=\"Email\"]')),\n    5000\n);\nawait driver.wait(until.elementIsVisible(emailInput), 5000);\nawait emailInput.sendKeys(user.emailAddress);\n        \n// Wait for the password field to appear and send password\nconst passwordInput = await driver.wait(\n    until.elementLocated(By.xpath('//input[@placeholder=\"Password\"]')),\n    5000\n);\nawait driver.wait(until.elementIsVisible(passwordInput), 5000);\nawait passwordInput.sendKeys(user.password);\n//Submit the login form\nconst submitButton = await driver.findElement(By.xpath('//button[@type=\"submit\"]'));\nawait submitButton.click();    \n// Step 3: Verify the user is redirected to the dashboard page after login\nawait driver.sleep(1000);\nconst currentUrl = await driver.getCurrentUrl();\nassert.strictEqual(currentUrl, APPLICATION_URL, `User cannot login with these credentials to generate cover letter and resume.`);\n// Step 4: Navigate to the job application page\nawait navigateToApplicationPage();\n// Step 5: Fill out the job application form with the user's job-related data\nawait driver.findElement(By.xpath('//input[@placeholder=\"Job title (required)\"]')).sendKeys(user.jobTitle);\nawait driver.findElement(By.xpath('//input[@placeholder=\"Company (required)\"]')).sendKeys(user.company);\nawait driver.findElement(By.xpath('//textarea[@placeholder=\"Job description / information... (required)\"]')).sendKeys(user.description);\nawait driver.findElement(By.xpath('//textarea[@placeholder=\"Write additional information about yourself (Optional). This prompt will help us tailor your application to your needs.\"]')).sendKeys(user.additionalInformation);\n\n// Step 6: Click the \"Generate\" button to create the resume\nconst generateButton = await driver.findElement(By.xpath('//button[contains(@class, \"generate-button\")]'));\nawait generateButton.click();\n// Step 7: Verify that the generated resume content appears on the page\nconst generatedContent = await driver.wait(\n    until.elementLocated(By.css('.generated-content')), 5000\n);\nawait driver.sleep(6000);\nconst generatedText = await generatedContent.getText();\nconst len = generatedText.length;\nif(generatedText.length == 0){\nassert.notStrictEqual(generatedText, len, \"Failed to generate content\"\n);\n        }",
              "err": {},
              "uuid": "84e59c1d-f978-4aa8-bbc2-992e67112cfb",
              "parentUUID": "8fcb064a-cc16-4b9b-8957-877c91805086",
              "isHook": false,
              "skipped": false
            },
            {
              "title": "Use case 3: ",
              "fullTitle": "Generate Resume and Cover Letter Functionality Test Use case 3: ",
              "timedOut": false,
              "duration": 13953,
              "state": "passed",
              "speed": "slow",
              "pass": true,
              "fail": false,
              "pending": false,
              "context": null,
              "code": "// Step 1: Ensure the user is logged out if already logged in\nawait logoutIfLoggedIn();\n// Step 2: Navigate to the login page and log in with the current user's credentials\nawait navigateToLoginPage();\nconst emailInput = await driver.wait(\n    until.elementLocated(By.xpath('//input[@placeholder=\"Email\"]')),\n    5000\n);\nawait driver.wait(until.elementIsVisible(emailInput), 5000);\nawait emailInput.sendKeys(user.emailAddress);\n        \n// Wait for the password field to appear and send password\nconst passwordInput = await driver.wait(\n    until.elementLocated(By.xpath('//input[@placeholder=\"Password\"]')),\n    5000\n);\nawait driver.wait(until.elementIsVisible(passwordInput), 5000);\nawait passwordInput.sendKeys(user.password);\n//Submit the login form\nconst submitButton = await driver.findElement(By.xpath('//button[@type=\"submit\"]'));\nawait submitButton.click();    \n// Step 3: Verify the user is redirected to the dashboard page after login\nawait driver.sleep(1000);\nconst currentUrl = await driver.getCurrentUrl();\nassert.strictEqual(currentUrl, APPLICATION_URL, `User cannot login with these credentials to generate cover letter and resume.`);\n// Step 4: Navigate to the job application page\nawait navigateToApplicationPage();\n// Step 5: Fill out the job application form with the user's job-related data\nawait driver.findElement(By.xpath('//input[@placeholder=\"Job title (required)\"]')).sendKeys(user.jobTitle);\nawait driver.findElement(By.xpath('//input[@placeholder=\"Company (required)\"]')).sendKeys(user.company);\nawait driver.findElement(By.xpath('//textarea[@placeholder=\"Job description / information... (required)\"]')).sendKeys(user.description);\nawait driver.findElement(By.xpath('//textarea[@placeholder=\"Write additional information about yourself (Optional). This prompt will help us tailor your application to your needs.\"]')).sendKeys(user.additionalInformation);\n\n// Step 6: Click the \"Generate\" button to create the resume\nconst generateButton = await driver.findElement(By.xpath('//button[contains(@class, \"generate-button\")]'));\nawait generateButton.click();\n// Step 7: Verify that the generated resume content appears on the page\nconst generatedContent = await driver.wait(\n    until.elementLocated(By.css('.generated-content')), 5000\n);\nawait driver.sleep(6000);\nconst generatedText = await generatedContent.getText();\nconst len = generatedText.length;\nif(generatedText.length == 0){\nassert.notStrictEqual(generatedText, len, \"Failed to generate content\"\n);\n        }",
              "err": {},
              "uuid": "cd31d114-c323-4dc3-b73b-8921b8d82686",
              "parentUUID": "8fcb064a-cc16-4b9b-8957-877c91805086",
              "isHook": false,
              "skipped": false
            },
            {
              "title": "Use case 4: ",
              "fullTitle": "Generate Resume and Cover Letter Functionality Test Use case 4: ",
              "timedOut": false,
              "duration": 13887,
              "state": "passed",
              "speed": "slow",
              "pass": true,
              "fail": false,
              "pending": false,
              "context": null,
              "code": "// Step 1: Ensure the user is logged out if already logged in\nawait logoutIfLoggedIn();\n// Step 2: Navigate to the login page and log in with the current user's credentials\nawait navigateToLoginPage();\nconst emailInput = await driver.wait(\n    until.elementLocated(By.xpath('//input[@placeholder=\"Email\"]')),\n    5000\n);\nawait driver.wait(until.elementIsVisible(emailInput), 5000);\nawait emailInput.sendKeys(user.emailAddress);\n        \n// Wait for the password field to appear and send password\nconst passwordInput = await driver.wait(\n    until.elementLocated(By.xpath('//input[@placeholder=\"Password\"]')),\n    5000\n);\nawait driver.wait(until.elementIsVisible(passwordInput), 5000);\nawait passwordInput.sendKeys(user.password);\n//Submit the login form\nconst submitButton = await driver.findElement(By.xpath('//button[@type=\"submit\"]'));\nawait submitButton.click();    \n// Step 3: Verify the user is redirected to the dashboard page after login\nawait driver.sleep(1000);\nconst currentUrl = await driver.getCurrentUrl();\nassert.strictEqual(currentUrl, APPLICATION_URL, `User cannot login with these credentials to generate cover letter and resume.`);\n// Step 4: Navigate to the job application page\nawait navigateToApplicationPage();\n// Step 5: Fill out the job application form with the user's job-related data\nawait driver.findElement(By.xpath('//input[@placeholder=\"Job title (required)\"]')).sendKeys(user.jobTitle);\nawait driver.findElement(By.xpath('//input[@placeholder=\"Company (required)\"]')).sendKeys(user.company);\nawait driver.findElement(By.xpath('//textarea[@placeholder=\"Job description / information... (required)\"]')).sendKeys(user.description);\nawait driver.findElement(By.xpath('//textarea[@placeholder=\"Write additional information about yourself (Optional). This prompt will help us tailor your application to your needs.\"]')).sendKeys(user.additionalInformation);\n\n// Step 6: Click the \"Generate\" button to create the resume\nconst generateButton = await driver.findElement(By.xpath('//button[contains(@class, \"generate-button\")]'));\nawait generateButton.click();\n// Step 7: Verify that the generated resume content appears on the page\nconst generatedContent = await driver.wait(\n    until.elementLocated(By.css('.generated-content')), 5000\n);\nawait driver.sleep(6000);\nconst generatedText = await generatedContent.getText();\nconst len = generatedText.length;\nif(generatedText.length == 0){\nassert.notStrictEqual(generatedText, len, \"Failed to generate content\"\n);\n        }",
              "err": {},
              "uuid": "9ba39c4d-bfa5-4438-9aa7-1d4ac4d23de0",
              "parentUUID": "8fcb064a-cc16-4b9b-8957-877c91805086",
              "isHook": false,
              "skipped": false
            },
            {
              "title": "Use case 5: ",
              "fullTitle": "Generate Resume and Cover Letter Functionality Test Use case 5: ",
              "timedOut": false,
              "duration": 13780,
              "state": "passed",
              "speed": "slow",
              "pass": true,
              "fail": false,
              "pending": false,
              "context": null,
              "code": "// Step 1: Ensure the user is logged out if already logged in\nawait logoutIfLoggedIn();\n// Step 2: Navigate to the login page and log in with the current user's credentials\nawait navigateToLoginPage();\nconst emailInput = await driver.wait(\n    until.elementLocated(By.xpath('//input[@placeholder=\"Email\"]')),\n    5000\n);\nawait driver.wait(until.elementIsVisible(emailInput), 5000);\nawait emailInput.sendKeys(user.emailAddress);\n        \n// Wait for the password field to appear and send password\nconst passwordInput = await driver.wait(\n    until.elementLocated(By.xpath('//input[@placeholder=\"Password\"]')),\n    5000\n);\nawait driver.wait(until.elementIsVisible(passwordInput), 5000);\nawait passwordInput.sendKeys(user.password);\n//Submit the login form\nconst submitButton = await driver.findElement(By.xpath('//button[@type=\"submit\"]'));\nawait submitButton.click();    \n// Step 3: Verify the user is redirected to the dashboard page after login\nawait driver.sleep(1000);\nconst currentUrl = await driver.getCurrentUrl();\nassert.strictEqual(currentUrl, APPLICATION_URL, `User cannot login with these credentials to generate cover letter and resume.`);\n// Step 4: Navigate to the job application page\nawait navigateToApplicationPage();\n// Step 5: Fill out the job application form with the user's job-related data\nawait driver.findElement(By.xpath('//input[@placeholder=\"Job title (required)\"]')).sendKeys(user.jobTitle);\nawait driver.findElement(By.xpath('//input[@placeholder=\"Company (required)\"]')).sendKeys(user.company);\nawait driver.findElement(By.xpath('//textarea[@placeholder=\"Job description / information... (required)\"]')).sendKeys(user.description);\nawait driver.findElement(By.xpath('//textarea[@placeholder=\"Write additional information about yourself (Optional). This prompt will help us tailor your application to your needs.\"]')).sendKeys(user.additionalInformation);\n\n// Step 6: Click the \"Generate\" button to create the resume\nconst generateButton = await driver.findElement(By.xpath('//button[contains(@class, \"generate-button\")]'));\nawait generateButton.click();\n// Step 7: Verify that the generated resume content appears on the page\nconst generatedContent = await driver.wait(\n    until.elementLocated(By.css('.generated-content')), 5000\n);\nawait driver.sleep(6000);\nconst generatedText = await generatedContent.getText();\nconst len = generatedText.length;\nif(generatedText.length == 0){\nassert.notStrictEqual(generatedText, len, \"Failed to generate content\"\n);\n        }",
              "err": {},
              "uuid": "4664117d-a14f-4d5d-ba27-f36a10e2aeb0",
              "parentUUID": "8fcb064a-cc16-4b9b-8957-877c91805086",
              "isHook": false,
              "skipped": false
            }
          ],
          "suites": [],
          "passes": [
            "78b6e778-3905-4d3c-8979-a724ab819523",
            "84e59c1d-f978-4aa8-bbc2-992e67112cfb",
            "cd31d114-c323-4dc3-b73b-8921b8d82686",
            "9ba39c4d-bfa5-4438-9aa7-1d4ac4d23de0",
            "4664117d-a14f-4d5d-ba27-f36a10e2aeb0"
          ],
          "failures": [],
          "pending": [],
          "skipped": [],
          "duration": 65534,
          "root": false,
          "rootEmpty": false,
          "_timeout": 30000
        }
      ],
      "passes": [],
      "failures": [],
      "pending": [],
      "skipped": [],
      "duration": 0,
      "root": true,
      "rootEmpty": true,
      "_timeout": 2000
    }
  ],
  "meta": {
    "mocha": {
      "version": "10.8.2"
    },
    "mochawesome": {
      "options": {
        "quiet": false,
        "reportFilename": "mochawesome",
        "saveHtml": true,
        "saveJson": true,
        "consoleReporter": "spec",
        "useInlineDiffs": false,
        "code": true
      },
      "version": "7.1.3"
    },
    "marge": {
      "options": null,
      "version": "6.2.0"
    }
  }
}